2021-09-01 16:12:32.912  INFO 7732 --- [main] marcet.MarcetServiceApplication          : No active profile set, falling back to default profiles: default
2021-09-01 16:12:34.042  INFO 7732 --- [main] .s.d.r.c.RepositoryConfigurationDelegate : Bootstrapping Spring Data repositories in DEFAULT mode.
2021-09-01 16:12:34.214  INFO 7732 --- [main] .s.d.r.c.RepositoryConfigurationDelegate : Finished Spring Data repository scanning in 156ms. Found 7 repository interfaces.
2021-09-01 16:12:34.769  INFO 7732 --- [main] o.s.cloud.context.scope.GenericScope     : BeanFactory id=eadebd62-2d8e-3823-bb1c-489c9a12878a
2021-09-01 16:12:34.951  INFO 7732 --- [main] trationDelegate$BeanPostProcessorChecker : Bean 'org.springframework.transaction.annotation.ProxyTransactionManagementConfiguration' of type [org.springframework.transaction.annotation.ProxyTransactionManagementConfiguration$$EnhancerBySpringCGLIB$$8422ac40] is not eligible for getting processed by all BeanPostProcessors (for example: not eligible for auto-proxying)
2021-09-01 16:12:34.983  INFO 7732 --- [main] trationDelegate$BeanPostProcessorChecker : Bean 'org.springframework.cloud.autoconfigure.ConfigurationPropertiesRebinderAutoConfiguration' of type [org.springframework.cloud.autoconfigure.ConfigurationPropertiesRebinderAutoConfiguration$$EnhancerBySpringCGLIB$$a03caf3d] is not eligible for getting processed by all BeanPostProcessors (for example: not eligible for auto-proxying)
2021-09-01 16:12:35.304  INFO 7732 --- [main] o.s.b.w.embedded.tomcat.TomcatWebServer  : Tomcat initialized with port(s): 8704 (http)
2021-09-01 16:12:35.348  INFO 7732 --- [main] o.apache.catalina.core.StandardService   : Starting service [Tomcat]
2021-09-01 16:12:35.349  INFO 7732 --- [main] org.apache.catalina.core.StandardEngine  : Starting Servlet engine: [Apache Tomcat/9.0.21]
2021-09-01 16:12:35.359  INFO 7732 --- [main] o.a.catalina.core.AprLifecycleListener   : Loaded APR based Apache Tomcat Native library [1.2.25] using APR version [1.7.0].
2021-09-01 16:12:35.359  INFO 7732 --- [main] o.a.catalina.core.AprLifecycleListener   : APR capabilities: IPv6 [true], sendfile [true], accept filters [false], random [true].
2021-09-01 16:12:35.360  INFO 7732 --- [main] o.a.catalina.core.AprLifecycleListener   : APR/OpenSSL configuration: useAprConnector [false], useOpenSSL [true]
2021-09-01 16:12:35.365  INFO 7732 --- [main] o.a.catalina.core.AprLifecycleListener   : OpenSSL successfully initialized [OpenSSL 1.1.1g  21 Apr 2020]
2021-09-01 16:12:35.651  INFO 7732 --- [main] o.a.c.c.C.[Tomcat].[localhost].[/]       : Initializing Spring embedded WebApplicationContext
2021-09-01 16:12:35.651  INFO 7732 --- [main] o.s.web.context.ContextLoader            : Root WebApplicationContext: initialization completed in 2712 ms
2021-09-01 16:12:35.979  INFO 7732 --- [main] com.zaxxer.hikari.HikariDataSource       : HikariPool-1 - Starting...
2021-09-01 16:12:37.355  INFO 7732 --- [main] com.zaxxer.hikari.HikariDataSource       : HikariPool-1 - Start completed.
2021-09-01 16:12:37.634  INFO 7732 --- [main] o.hibernate.jpa.internal.util.LogHelper  : HHH000204: Processing PersistenceUnitInfo [
	name: default
	...]
2021-09-01 16:12:38.371  INFO 7732 --- [main] org.hibernate.Version                    : HHH000412: Hibernate Core {5.3.10.Final}
2021-09-01 16:12:38.404  INFO 7732 --- [main] org.hibernate.cfg.Environment            : HHH000206: hibernate.properties not found
2021-09-01 16:12:39.206  INFO 7732 --- [main] o.hibernate.annotations.common.Version   : HCANN000001: Hibernate Commons Annotations {5.0.4.Final}
2021-09-01 16:12:39.474  INFO 7732 --- [main] org.hibernate.dialect.Dialect            : HHH000400: Using dialect: org.hibernate.dialect.MySQLDialect
2021-09-01 16:12:41.983  INFO 7732 --- [main] j.LocalContainerEntityManagerFactoryBean : Initialized JPA EntityManagerFactory for persistence unit 'default'
2021-09-01 16:12:42.802  INFO 7732 --- [main] o.h.h.i.QueryTranslatorFactoryInitiator  : HHH000397: Using ASTQueryTranslatorFactory
2021-09-01 16:12:43.324  WARN 7732 --- [main] aWebConfiguration$JpaWebMvcConfiguration : spring.jpa.open-in-view is enabled by default. Therefore, database queries may be performed during view rendering. Explicitly configure spring.jpa.open-in-view to disable this warning
2021-09-01 16:12:43.467  INFO 7732 --- [main] o.s.s.web.DefaultSecurityFilterChain     : Creating filter chain: any request, [org.springframework.security.web.context.request.async.WebAsyncManagerIntegrationFilter@4844e24b, org.springframework.security.web.context.SecurityContextPersistenceFilter@8f8717b, org.springframework.security.web.header.HeaderWriterFilter@3881b884, org.springframework.web.filter.CorsFilter@2571bdf4, org.springframework.security.web.authentication.logout.LogoutFilter@20706e70, marcet.configs.JwtRequestFilter@157d3a45, org.springframework.security.web.savedrequest.RequestCacheAwareFilter@1e9f48d4, org.springframework.security.web.servletapi.SecurityContextHolderAwareRequestFilter@22a22f1, org.springframework.security.web.authentication.AnonymousAuthenticationFilter@241abc2, org.springframework.security.web.session.SessionManagementFilter@3ed87b6e, org.springframework.security.web.access.ExceptionTranslationFilter@461b38ca, org.springframework.security.web.access.intercept.FilterSecurityInterceptor@9ba167e]
2021-09-01 16:12:43.490  WARN 7732 --- [main] c.n.c.sources.URLConfigurationSource     : No URLs will be polled as dynamic configuration sources.
2021-09-01 16:12:43.490  INFO 7732 --- [main] c.n.c.sources.URLConfigurationSource     : To enable URLs as dynamic configuration sources, define System property archaius.configurationSource.additionalUrls or make config.properties available on classpath.
2021-09-01 16:12:43.495  WARN 7732 --- [main] c.n.c.sources.URLConfigurationSource     : No URLs will be polled as dynamic configuration sources.
2021-09-01 16:12:43.495  INFO 7732 --- [main] c.n.c.sources.URLConfigurationSource     : To enable URLs as dynamic configuration sources, define System property archaius.configurationSource.additionalUrls or make config.properties available on classpath.
2021-09-01 16:12:43.719  INFO 7732 --- [main] o.s.s.concurrent.ThreadPoolTaskExecutor  : Initializing ExecutorService 'applicationTaskExecutor'
2021-09-01 16:12:44.790  INFO 7732 --- [main] o.s.c.n.eureka.InstanceInfoFactory       : Setting initial instance status as: STARTING
2021-09-01 16:12:44.854  INFO 7732 --- [main] com.netflix.discovery.DiscoveryClient    : Initializing Eureka in region us-east-1
2021-09-01 16:12:45.051  INFO 7732 --- [main] c.n.d.provider.DiscoveryJerseyProvider   : Using JSON encoding codec LegacyJacksonJson
2021-09-01 16:12:45.051  INFO 7732 --- [main] c.n.d.provider.DiscoveryJerseyProvider   : Using JSON decoding codec LegacyJacksonJson
2021-09-01 16:12:45.305  INFO 7732 --- [main] c.n.d.provider.DiscoveryJerseyProvider   : Using XML encoding codec XStreamXml
2021-09-01 16:12:45.305  INFO 7732 --- [main] c.n.d.provider.DiscoveryJerseyProvider   : Using XML decoding codec XStreamXml
2021-09-01 16:12:45.858  INFO 7732 --- [main] c.n.d.s.r.aws.ConfigClusterResolver      : Resolving eureka endpoints via configuration
2021-09-01 16:12:45.898  INFO 7732 --- [main] com.netflix.discovery.DiscoveryClient    : Disable delta property : false
2021-09-01 16:12:45.899  INFO 7732 --- [main] com.netflix.discovery.DiscoveryClient    : Single vip registry refresh property : null
2021-09-01 16:12:45.899  INFO 7732 --- [main] com.netflix.discovery.DiscoveryClient    : Force full registry fetch : false
2021-09-01 16:12:45.899  INFO 7732 --- [main] com.netflix.discovery.DiscoveryClient    : Application is null : false
2021-09-01 16:12:45.899  INFO 7732 --- [main] com.netflix.discovery.DiscoveryClient    : Registered Applications size is zero : true
2021-09-01 16:12:45.899  INFO 7732 --- [main] com.netflix.discovery.DiscoveryClient    : Application version is -1: true
2021-09-01 16:12:45.900  INFO 7732 --- [main] com.netflix.discovery.DiscoveryClient    : Getting all instance registry info from the eureka server
2021-09-01 16:12:46.077  INFO 7732 --- [main] com.netflix.discovery.DiscoveryClient    : The response status is 200
2021-09-01 16:12:46.087  INFO 7732 --- [main] com.netflix.discovery.DiscoveryClient    : Starting heartbeat executor: renew interval is: 30
2021-09-01 16:12:46.099  INFO 7732 --- [main] c.n.discovery.InstanceInfoReplicator     : InstanceInfoReplicator onDemand update allowed rate per min is 4
2021-09-01 16:12:46.122  INFO 7732 --- [main] com.netflix.discovery.DiscoveryClient    : Discovery Client initialized at timestamp 1630501966120 with initial instances count: 2
2021-09-01 16:12:46.126  INFO 7732 --- [main] o.s.c.n.e.s.EurekaServiceRegistry        : Registering application MARCET-SERVICE with eureka with status UP
2021-09-01 16:12:46.127  INFO 7732 --- [main] com.netflix.discovery.DiscoveryClient    : Saw local status change event StatusChangeEvent [timestamp=1630501966127, current=UP, previous=STARTING]
2021-09-01 16:12:46.129  INFO 7732 --- [DiscoveryClient-InstanceInfoReplicator-0] com.netflix.discovery.DiscoveryClient    : DiscoveryClient_MARCET-SERVICE/WIN-P96KM697CTJ:marcet-service:8704: registering service...
2021-09-01 16:12:46.183  INFO 7732 --- [DiscoveryClient-InstanceInfoReplicator-0] com.netflix.discovery.DiscoveryClient    : DiscoveryClient_MARCET-SERVICE/WIN-P96KM697CTJ:marcet-service:8704 - registration status: 204
2021-09-01 16:12:46.204  INFO 7732 --- [main] o.s.b.w.embedded.tomcat.TomcatWebServer  : Tomcat started on port(s): 8704 (http) with context path ''
2021-09-01 16:12:46.205  INFO 7732 --- [main] .s.c.n.e.s.EurekaAutoServiceRegistration : Updating port to 8704
2021-09-01 16:12:46.275  INFO 7732 --- [main] marcet.MarcetServiceApplication          : Started MarcetServiceApplication in 17.023 seconds (JVM running for 22.783)
2021-09-01 16:17:45.908  INFO 7732 --- [AsyncResolver-bootstrap-executor-0] c.n.d.s.r.aws.ConfigClusterResolver      : Resolving eureka endpoints via configuration
